#! /usr/local/iverilog/bin/vvp
:ivl_version "11.0 (devel)" "(s20150603-642-g3bdb50da)";
:ivl_delay_selection "TYPICAL";
:vpi_time_precision + 0;
:vpi_module "system";
:vpi_module "vhdl_sys";
:vpi_module "vhdl_textio";
:vpi_module "v2005_math";
:vpi_module "va_math";
S_00000000008e6740 .scope module, "andgate" "andgate" 2 1;
 .timescale 0 0;
    .port_info 0 /INPUT 1 "a";
    .port_info 1 /INPUT 1 "b";
    .port_info 2 /OUTPUT 1 "y";
o0000000001066ad8 .functor BUFZ 1, C4<z>; HiZ drive
o0000000001066b08 .functor BUFZ 1, C4<z>; HiZ drive
L_00000000008e6a10 .functor AND 1, o0000000001066ad8, o0000000001066b08, C4<1>, C4<1>;
v00000000008e6f80_0 .net "a", 0 0, o0000000001066ad8;  0 drivers
v00000000008e68d0_0 .net "b", 0 0, o0000000001066b08;  0 drivers
v00000000008e6970_0 .net "y", 0 0, L_00000000008e6a10;  1 drivers
# The file index is used to find the file name in the following table.
:file_names 3;
    "N/A";
    "<interactive>";
    "and.v";
